<?xml version="1.0" encoding="UTF-8"?>
<!-- Generated by org.testng.reporters.JUnitXMLReporter -->
<testsuite hostname="Kartik-MacBook-Pro.local" name="Find Electronic Page Test" tests="1" failures="1" timestamp="5 Dec 2016 14:13:49 GMT" time="42.554" errors="0">
  <testcase name="findElectronicPageTest" time="40.249" classname="com.noon.mobileapp.FindElectronicPageTest">
    <failure type="java.lang.NullPointerException">
      <![CDATA[java.lang.NullPointerException
	at com.noon.mobileapp.pages.HomePage.selectFromNavigationMenu(HomePage.java:30)
	at com.noon.mobileapp.FindElectronicPageTest.findElectronicPageTest(FindElectronicPageTest.java:36)
... Removed 24 stack frames]]>
    </failure>
  </testcase> <!-- findElectronicPageTest -->
</testsuite> <!-- Find Electronic Page Test -->
